<?xml version="1.0" encoding="UTF-8"?>
<!-- Generated by org.testng.reporters.JUnitReportReporter -->
<testsuite hostname="lammy-Sup-PC" name="com.Edureka.TestCases.ExploreBlogsOnEdureka" tests="1" failures="0" timestamp="12 Feb 2019 19:04:37 GMT" time="73.200" errors="0">
  <testcase name="SearchBlog" time="73.200" classname="com.Edureka.TestCases.ExploreBlogsOnEdureka"/>
</testsuite> <!-- com.Edureka.TestCases.ExploreBlogsOnEdureka -->
